<?xml version="1.0" encoding="UTF-8"?>
<robot generator="Robot 7.3.2 (Python 3.14.0 on win32)" generated="2025-12-05T10:15:03.014277" rpa="false" schemaversion="5">
<suite id="s1" name="robotTests" source="C:\kurssit\ohjelmistotuotanto\miniprojekti\TEKA3003-miniprojekti\src\robotTests">
<suite id="s1-s1" name="Main" source="C:\kurssit\ohjelmistotuotanto\miniprojekti\TEKA3003-miniprojekti\src\robotTests\main.robot">
<test id="s1-s1-t1" name="ViiteRepository New Command Test" line="5">
<kw name="Input New Command" owner="resource">
<kw name="Input" owner="mainLibrary">
<arg>new</arg>
<status status="PASS" start="2025-12-05T10:15:05.451017" elapsed="1.929527"/>
</kw>
<status status="PASS" start="2025-12-05T10:15:05.450499" elapsed="1.930629"/>
</kw>
<kw name="Input Book" owner="mainLibrary">
<msg time="2025-12-05T10:15:07.381441" level="INFO">${result} = Luotu: @book{key1,
    author = {Matti Meikäläinen},
    title = {Testikirja},
    year = {2020},
    publisher = {Testikustantaja},
}</msg>
<var>${result}</var>
<arg>key1 Matti Meikäläinen</arg>
<arg>Testikirja</arg>
<arg>2020</arg>
<arg>Testikustantaja</arg>
<status status="PASS" start="2025-12-05T10:15:07.381262" elapsed="0.000206"/>
</kw>
<kw name="Log To Console" owner="BuiltIn">
<arg>${result}</arg>
<doc>Logs the given message to the console.</doc>
<status status="PASS" start="2025-12-05T10:15:07.381542" elapsed="0.000148"/>
</kw>
<kw name="Should Contain" owner="BuiltIn">
<arg>${result}</arg>
<arg>Luotu: @book{key1,</arg>
<doc>Fails if ``container`` does not contain ``item`` one or more times.</doc>
<status status="PASS" start="2025-12-05T10:15:07.381756" elapsed="0.000097"/>
</kw>
<kw name="Should Contain" owner="BuiltIn">
<arg>${result}</arg>
<arg>author = {Matti Meikäläinen},</arg>
<doc>Fails if ``container`` does not contain ``item`` one or more times.</doc>
<status status="PASS" start="2025-12-05T10:15:07.381919" elapsed="0.000109"/>
</kw>
<kw name="Should Contain" owner="BuiltIn">
<arg>${result}</arg>
<arg>title = {Testikirja},</arg>
<doc>Fails if ``container`` does not contain ``item`` one or more times.</doc>
<status status="PASS" start="2025-12-05T10:15:07.382099" elapsed="0.000113"/>
</kw>
<kw name="Should Contain" owner="BuiltIn">
<arg>${result}</arg>
<arg>year = {2020},</arg>
<doc>Fails if ``container`` does not contain ``item`` one or more times.</doc>
<status status="PASS" start="2025-12-05T10:15:07.382267" elapsed="0.000093"/>
</kw>
<kw name="Should Contain" owner="BuiltIn">
<arg>${result}</arg>
<arg>publisher = {Testikustantaja},</arg>
<doc>Fails if ``container`` does not contain ``item`` one or more times.</doc>
<status status="PASS" start="2025-12-05T10:15:07.382420" elapsed="0.000076"/>
</kw>
<status status="PASS" start="2025-12-05T10:15:05.449799" elapsed="1.932778"/>
</test>
<status status="PASS" start="2025-12-05T10:15:03.175810" elapsed="4.208157"/>
</suite>
<status status="PASS" start="2025-12-05T10:15:03.015484" elapsed="4.368806"/>
</suite>
<statistics>
<total>
<stat pass="1" fail="0" skip="0">All Tests</stat>
</total>
<tag>
</tag>
<suite>
<stat name="robotTests" id="s1" pass="1" fail="0" skip="0">robotTests</stat>
<stat name="Main" id="s1-s1" pass="1" fail="0" skip="0">robotTests.Main</stat>
</suite>
</statistics>
<errors>
<msg time="2025-12-05T10:15:04.578342" level="WARN">Unable to refresh access token without                 refresh token and app key</msg>
<msg time="2025-12-05T10:15:06.531489" level="WARN">Unable to refresh access token without                 refresh token and app key</msg>
</errors>
</robot>
