<?xml version="1.0" encoding="UTF-8"?>
<robot generator="Robot 7.3.2 (Python 3.14.0 on win32)" generated="2025-12-04T14:26:01.623403" rpa="false" schemaversion="5">
<suite id="s1" name="robotTests" source="C:\kurssit\ohtu-miniprojekti\TEKA3003-miniprojekti\src\robotTests">
<suite id="s1-s1" name="Main" source="C:\kurssit\ohtu-miniprojekti\TEKA3003-miniprojekti\src\robotTests\main.robot">
<test id="s1-s1-t1" name="ViiteRepository New Command Test" line="5">
<kw name="Input New Command" owner="resource">
<kw name="Input">
<msg time="2025-12-04T14:26:01.803857" level="FAIL">No keyword with name 'Input' found.</msg>
<arg>new</arg>
<status status="FAIL" start="2025-12-04T14:26:01.803808" elapsed="0.000120">No keyword with name 'Input' found.</status>
</kw>
<status status="FAIL" start="2025-12-04T14:26:01.802651" elapsed="0.001468">No keyword with name 'Input' found.</status>
</kw>
<kw name="Input Book">
<var>${result}</var>
<arg>key1 Matti Meik채l채inen</arg>
<arg>Testikirja</arg>
<arg>2020</arg>
<arg>Testikustantaja</arg>
<status status="NOT RUN" start="2025-12-04T14:26:01.804268" elapsed="0.000025"/>
</kw>
<kw name="Log To Console" owner="BuiltIn">
<arg>${result}</arg>
<doc>Logs the given message to the console.</doc>
<status status="NOT RUN" start="2025-12-04T14:26:01.804419" elapsed="0.000026"/>
</kw>
<kw name="Should Contain" owner="BuiltIn">
<arg>${result}</arg>
<arg>Luotu: @book{key1,</arg>
<doc>Fails if ``container`` does not contain ``item`` one or more times.</doc>
<status status="NOT RUN" start="2025-12-04T14:26:01.804559" elapsed="0.000024"/>
</kw>
<kw name="Should Contain" owner="BuiltIn">
<arg>${result}</arg>
<arg>author = {Matti Meik채l채inen},</arg>
<doc>Fails if ``container`` does not contain ``item`` one or more times.</doc>
<status status="NOT RUN" start="2025-12-04T14:26:01.804675" elapsed="0.000021"/>
</kw>
<kw name="Should Contain" owner="BuiltIn">
<arg>${result}</arg>
<arg>title = {Testikirja},</arg>
<doc>Fails if ``container`` does not contain ``item`` one or more times.</doc>
<status status="NOT RUN" start="2025-12-04T14:26:01.804781" elapsed="0.000019"/>
</kw>
<kw name="Should Contain" owner="BuiltIn">
<arg>${result}</arg>
<arg>year = {2020},</arg>
<doc>Fails if ``container`` does not contain ``item`` one or more times.</doc>
<status status="NOT RUN" start="2025-12-04T14:26:01.804881" elapsed="0.000020"/>
</kw>
<kw name="Should Contain" owner="BuiltIn">
<arg>${result}</arg>
<arg>publisher = {Testikustantaja},</arg>
<doc>Fails if ``container`` does not contain ``item`` one or more times.</doc>
<status status="NOT RUN" start="2025-12-04T14:26:01.804982" elapsed="0.000018"/>
</kw>
<status status="FAIL" start="2025-12-04T14:26:01.801666" elapsed="0.003494">No keyword with name 'Input' found.</status>
</test>
<status status="FAIL" start="2025-12-04T14:26:01.795638" elapsed="0.010054"/>
</suite>
<status status="FAIL" start="2025-12-04T14:26:01.625303" elapsed="0.181140"/>
</suite>
<statistics>
<total>
<stat pass="0" fail="1" skip="0">All Tests</stat>
</total>
<tag>
</tag>
<suite>
<stat name="robotTests" id="s1" pass="0" fail="1" skip="0">robotTests</stat>
<stat name="Main" id="s1-s1" pass="0" fail="1" skip="0">robotTests.Main</stat>
</suite>
</statistics>
<errors>
<msg time="2025-12-04T14:26:01.801043" level="ERROR">Error in file 'C:\kurssit\ohtu-miniprojekti\TEKA3003-miniprojekti\src\robotTests\resource.robot' on line 2: Importing library 'C:\kurssit\ohtu-miniprojekti\TEKA3003-miniprojekti\src\mainLibrary.py' failed: ModuleNotFoundError: No module named 'mainLibrary'
Traceback (most recent call last):
  None
PYTHONPATH:
  C:\kurssit\ohtu-miniprojekti\TEKA3003-miniprojekti\src
  C:\kurssit\ohtu-miniprojekti\TEKA3003-miniprojekti\.venv\Scripts\robot.exe
  C:\Users\jimik\AppData\Local\Programs\Python\Python314\python314.zip
  C:\Users\jimik\AppData\Local\Programs\Python\Python314\DLLs
  C:\Users\jimik\AppData\Local\Programs\Python\Python314\Lib
  C:\Users\jimik\AppData\Local\Programs\Python\Python314
  C:\kurssit\ohtu-miniprojekti\TEKA3003-miniprojekti\.venv
  C:\kurssit\ohtu-miniprojekti\TEKA3003-miniprojekti\.venv\Lib\site-packages</msg>
</errors>
</robot>
