<?xml version="1.0" encoding="UTF-8"?>
<robot generator="Robot 7.3.2 (Python 3.14.0 on win32)" generated="2025-12-16T18:06:27.310741" rpa="false" schemaversion="5">
<suite id="s1" name="dropBox" source="C:\ohjelmointi\projects\koulu\TEKA3003\TEKA3003-miniprojekti\src\robotTests\dropBox.robot">
<test id="s1-t1" name="Käyttäjänä voin synkronoida data eri koneiden välillä CLI-sovelluksessa" line="16">
<kw name="Get Fresh Access Token">
<kw name="Create Dictionary" owner="BuiltIn">
<msg time="2025-12-16T18:06:30.944366" level="INFO">${data} = {'grant_type': 'refresh_token', 'refresh_token': 'qsGeW1E_JfEAAAAAAAAAARmDvqCaJ3GkYGfZH1HlvQ8Vv3fe_FfIiG6gEBhDDTJ9', 'client_id': 'zibp4mktr3ptkvc', 'client_secret': '52pj9bzbt0ulb7l'}</msg>
<var>${data}</var>
<arg>grant_type=refresh_token</arg>
<arg>refresh_token=${DROPBOX_REFRESH_TOKEN}</arg>
<arg>client_id=${DROPBOX_APP_KEY}</arg>
<arg>client_secret=${DROPBOX_APP_SECRET}</arg>
<doc>Creates and returns a dictionary based on the given ``items``.</doc>
<status status="PASS" start="2025-12-16T18:06:30.942843" elapsed="0.001698"/>
</kw>
<kw name="POST" owner="RequestsLibrary">
<msg time="2025-12-16T18:06:32.180813" level="INFO">POST Request : url=https://api.dropbox.com/oauth2/token 
 path_url=/oauth2/token 
 headers={'User-Agent': 'python-requests/2.32.5', 'Accept-Encoding': 'gzip, deflate, zstd', 'Accept': '*/*', 'Connection': 'keep-alive', 'Content-Length': '159', 'Content-Type': 'application/x-www-form-urlencoded'} 
 body=grant_type=refresh_token&amp;refresh_token=qsGeW1E_JfEAAAAAAAAAARmDvqCaJ3GkYGfZH1HlvQ8Vv3fe_FfIiG6gEBhDDTJ9&amp;client_id=zibp4mktr3ptkvc&amp;client_secret=52pj9bzbt0ulb7l 
 </msg>
<msg time="2025-12-16T18:06:32.181042" level="INFO">POST Response : url=https://api.dropbox.com/oauth2/token 
 status=200, reason=OK 
 headers={'Content-Type': 'application/json', 'Cache-Control': 'no-cache, no-store, must-revalidate', 'Expires': '0', 'Pragma': 'no-cache', 'X-Content-Type-Options': 'nosniff', 'X-Frame-Options': 'SAMEORIGIN', 'X-Server-Response-Time': '59', 'Date': 'Tue, 16 Dec 2025 16:06:30 GMT', 'Server': 'envoy', 'Content-Encoding': 'gzip', 'Vary': 'Accept-Encoding', 'X-Dropbox-Response-Origin': 'far_remote', 'X-Dropbox-Request-Id': '2b536d0b4fcd49619e66277869418386', 'Transfer-Encoding': 'chunked'} 
 body={"access_token": "sl.u.AGLtDQeDHI2Jzu-Oj-C6ttoydusKnYpLzQq4snsbT_-PmpBrYhqzPmbFdbVup_d5Gxwtr8eaSqSBjGvcYL5YDi88OdWFqwUurkc-cx8MgMAj5YAj0qcjeSp9RzTynWZ7-lCOGUC-dz9CSg37HdWvep_I0mWDPqteTgbFRv2fGD-_usd8cGuj2ZDCW-7pHb_Awr6CUOjlyIE8HujEo1mCI-qjnDi0o_VyIZ5IZ6RKg8R-UG3h81tyksYU0ldEGDvax265YDvKr7PuZzVYZQBLB7L5GUZq4ZM27c3nj4YewLqVdbYbnExID6dzQhdzMr6xoHHT3Xjcsn_5dajO2Yy4MDwfNRgV2x5RTGiFg1hooY2Xw6p9kijK_toLwf8SA8nBrVuUx-3iK4ei23rnLASECvyicSX8kQ9TfAx26YGs07oKUSfHMOejw5pvBqggobFtYiJGk8j3LoJer8_R6vCTmIFs72RDyFgP8WDYshVWApSr4x4l-14liyR4cCAEQM_n4lfzAX05vblpGxipFU1LiQWlOlyk8fzilsiOudsH9WAnSfOonxdivYjY1HSEHBnzNbb3yLhHUPbzOmzYFcIL5UgzLWyxVXKxCK_yKbmCymHk41h_vU6MuXJvB8_wMaDggxkrOP4o-K-tjKtonVZcpwar2kOGzRbgQoXs_LSYmJa2R6C8XlmIfjqEEUNERYKFeYBtbH1A84GAhT53HLlnp_2wOIj1_d0PIvLE5dKZkgG6nm59C0TzruTWGrA1WjkvEXmir7D_t7iKrFTvtsImS2wtYRb0kNNFxSTEmbFmHzR97SoeWFyUKgSpHKTtGENZRF-HiYntHTsJeekYGKR7KgLNFTvKu_0_GBr7R8eqvQFS-2cl2vT8XmKF6Eski6-jBTUziKMzjFTjwOvFxEoaKFDONdohlRrgNpmq724mQcJFOTZZeC-GIalSaHgNROjfhh1x0IUHaplLq9mKvskKtQcG1mBYpNquBhpurdFI4UlifVAFiKKa44Ri5-usyjpO7fyj_xZu3nArnwzghEVxggompW7g8oj2wSmzBpLbYVnHgHfwLiQNpzS1pM6NbBX5oSGNIpwQFrUTd7A_BbxJMZ1muRh7iUTxhWMvaDsajecXqDyK9fh7gUgHOhWXg_8S4eECShdFCZ0wbxMes4B_UZaQG654shmn6-MEM4rJRYBL-3l7fymDAHfLSXMsaJnltTy4WqM0smdpe7LWQjleTdYVX0MS6XRHIEqAQfqCaQ91Nv3AInCePBfDWAKcSQJvaB-TgRCIjdTq8XD8OLOQq85wr1-US8b_5B5x74FZrwOpjlM_6ItaxxmSGfsrkuNYq87lpj1li6j74Bybqa1ulAm0oki3pkPXKyQdRS43wxF1f8-xSAPgafm4R0aYaJGfEqx6h8mS1fuAHa2FZ4nMtJ69Ox47kDN68xpicuBZtjXOOw", "token_type": "bearer", "expires_in": 14400} 
 </msg>
<msg time="2025-12-16T18:06:32.181408" level="INFO">${response} = &lt;Response [200]&gt;</msg>
<var>${response}</var>
<arg>https://api.dropbox.com/oauth2/token</arg>
<arg>data=${data}</arg>
<doc>Sends a POST request.</doc>
<status status="PASS" start="2025-12-16T18:06:30.945074" elapsed="1.236386"/>
</kw>
<kw name="Should Be Equal As Strings" owner="BuiltIn">
<msg time="2025-12-16T18:06:32.182719" level="INFO">Argument types are:
&lt;class 'int'&gt;
&lt;class 'str'&gt;</msg>
<arg>${response.status_code}</arg>
<arg>200</arg>
<doc>Fails if objects are unequal after converting them to strings.</doc>
<status status="PASS" start="2025-12-16T18:06:32.181789" elapsed="0.001070"/>
</kw>
<kw name="Set Variable" owner="BuiltIn">
<msg time="2025-12-16T18:06:32.183933" level="INFO">${token} = sl.u.AGLtDQeDHI2Jzu-Oj-C6ttoydusKnYpLzQq4snsbT_-PmpBrYhqzPmbFdbVup_d5Gxwtr8eaSqSBjGvcYL5YDi88OdWFqwUurkc-cx8MgMAj5YAj0qcjeSp9RzTynWZ7-lCOGUC-dz9CSg37HdWvep_I0mWDPqteTgbFRv2fGD-_usd8cGuj2ZDCW-7pHb_Awr6...</msg>
<var>${token}</var>
<arg>${response.json()}[access_token]</arg>
<doc>Returns the given values which can then be assigned to a variables.</doc>
<status status="PASS" start="2025-12-16T18:06:32.183099" elapsed="0.000879"/>
</kw>
<return>
<value>${token}</value>
<status status="PASS" start="2025-12-16T18:06:32.184079" elapsed="0.000096"/>
</return>
<msg time="2025-12-16T18:06:32.184424" level="INFO">${access_token} = sl.u.AGLtDQeDHI2Jzu-Oj-C6ttoydusKnYpLzQq4snsbT_-PmpBrYhqzPmbFdbVup_d5Gxwtr8eaSqSBjGvcYL5YDi88OdWFqwUurkc-cx8MgMAj5YAj0qcjeSp9RzTynWZ7-lCOGUC-dz9CSg37HdWvep_I0mWDPqteTgbFRv2fGD-_usd8cGuj2ZDCW-7pHb_Awr6...</msg>
<var>${access_token}</var>
<doc>Exchanges the Refresh Token for a short-lived Access Token</doc>
<status status="PASS" start="2025-12-16T18:06:30.940189" elapsed="1.244278"/>
</kw>
<kw name="Download Dropbox File">
<kw name="Create Dictionary" owner="BuiltIn">
<msg time="2025-12-16T18:06:32.186605" level="INFO">${headers} = {'Authorization': 'Bearer sl.u.AGLtDQeDHI2Jzu-Oj-C6ttoydusKnYpLzQq4snsbT_-PmpBrYhqzPmbFdbVup_d5Gxwtr8eaSqSBjGvcYL5YDi88OdWFqwUurkc-cx8MgMAj5YAj0qcjeSp9RzTynWZ7-lCOGUC-dz9CSg37HdWvep_I0mWDPqteTgbFRv2fG...</msg>
<var>${headers}</var>
<arg>Authorization=Bearer ${token}</arg>
<arg>Dropbox-API-Arg={"path": "${remote_path}"}</arg>
<doc>Creates and returns a dictionary based on the given ``items``.</doc>
<status status="PASS" start="2025-12-16T18:06:32.186119" elapsed="0.000561"/>
</kw>
<kw name="POST" owner="RequestsLibrary">
<msg time="2025-12-16T18:06:34.174610" level="INFO">POST Request : url=https://content.dropboxapi.com/2/files/download 
 path_url=/2/files/download 
 headers={'User-Agent': 'python-requests/2.32.5', 'Accept-Encoding': 'gzip, deflate, zstd', 'Accept': '*/*', 'Connection': 'keep-alive', 'Authorization': 'Bearer sl.u.AGLtDQeDHI2Jzu-Oj-C6ttoydusKnYpLzQq4snsbT_-PmpBrYhqzPmbFdbVup_d5Gxwtr8eaSqSBjGvcYL5YDi88OdWFqwUurkc-cx8MgMAj5YAj0qcjeSp9RzTynWZ7-lCOGUC-dz9CSg37HdWvep_I0mWDPqteTgbFRv2fGD-_usd8cGuj2ZDCW-7pHb_Awr6CUOjlyIE8HujEo1mCI-qjnDi0o_VyIZ5IZ6RKg8R-UG3h81tyksYU0ldEGDvax265YDvKr7PuZzVYZQBLB7L5GUZq4ZM27c3nj4YewLqVdbYbnExID6dzQhdzMr6xoHHT3Xjcsn_5dajO2Yy4MDwfNRgV2x5RTGiFg1hooY2Xw6p9kijK_toLwf8SA8nBrVuUx-3iK4ei23rnLASECvyicSX8kQ9TfAx26YGs07oKUSfHMOejw5pvBqggobFtYiJGk8j3LoJer8_R6vCTmIFs72RDyFgP8WDYshVWApSr4x4l-14liyR4cCAEQM_n4lfzAX05vblpGxipFU1LiQWlOlyk8fzilsiOudsH9WAnSfOonxdivYjY1HSEHBnzNbb3yLhHUPbzOmzYFcIL5UgzLWyxVXKxCK_yKbmCymHk41h_vU6MuXJvB8_wMaDggxkrOP4o-K-tjKtonVZcpwar2kOGzRbgQoXs_LSYmJa2R6C8XlmIfjqEEUNERYKFeYBtbH1A84GAhT53HLlnp_2wOIj1_d0PIvLE5dKZkgG6nm59C0TzruTWGrA1WjkvEXmir7D_t7iKrFTvtsImS2wtYRb0kNNFxSTEmbFmHzR97SoeWFyUKgSpHKTtGENZRF-HiYntHTsJeekYGKR7KgLNFTvKu_0_GBr7R8eqvQFS-2cl2vT8XmKF6Eski6-jBTUziKMzjFTjwOvFxEoaKFDONdohlRrgNpmq724mQcJFOTZZeC-GIalSaHgNROjfhh1x0IUHaplLq9mKvskKtQcG1mBYpNquBhpurdFI4UlifVAFiKKa44Ri5-usyjpO7fyj_xZu3nArnwzghEVxggompW7g8oj2wSmzBpLbYVnHgHfwLiQNpzS1pM6NbBX5oSGNIpwQFrUTd7A_BbxJMZ1muRh7iUTxhWMvaDsajecXqDyK9fh7gUgHOhWXg_8S4eECShdFCZ0wbxMes4B_UZaQG654shmn6-MEM4rJRYBL-3l7fymDAHfLSXMsaJnltTy4WqM0smdpe7LWQjleTdYVX0MS6XRHIEqAQfqCaQ91Nv3AInCePBfDWAKcSQJvaB-TgRCIjdTq8XD8OLOQq85wr1-US8b_5B5x74FZrwOpjlM_6ItaxxmSGfsrkuNYq87lpj1li6j74Bybqa1ulAm0oki3pkPXKyQdRS43wxF1f8-xSAPgafm4R0aYaJGfEqx6h8mS1fuAHa2FZ4nMtJ69Ox47kDN68xpicuBZtjXOOw', 'Dropbox-API-Arg': '{"path": "/robot.json"}', 'Content-Length': '0'} 
 body=None 
 </msg>
<msg time="2025-12-16T18:06:34.193787" level="INFO">POST Response : url=https://content.dropboxapi.com/2/files/download 
 status=200, reason=OK 
 headers={'Content-Type': 'application/octet-stream', 'Accept-Ranges': 'bytes', 'Cache-Control': 'no-cache', 'Dropbox-Api-Result': '{"name": "robot.json", "path_lower": "/robot.json", "path_display": "/robot.json", "id": "id:VEN2wKRP73MAAAAAAAAABw", "client_modified": "2025-12-16T08:40:54Z", "server_modified": "2025-12-16T08:41:05Z", "rev": "016460db03cdf90000000031a6d8863", "size": 308, "is_downloadable": true, "content_hash": "05b21310d2996e6f68d59d6e007f562d7673deb6ac7b20c560b7c1f11b56b6fb"}', 'Etag': 'W/"016460db03cdf90000000031a6d8863"', 'Original-Content-Length': '308', 'X-Server-Response-Time': '578', 'Date': 'Tue, 16 Dec 2025 16:06:32 GMT', 'Server': 'envoy', 'Strict-Transport-Security': 'max-age=31536000; includeSubDomains; preload', 'X-Robots-Tag': 'noindex, nofollow, noimageindex', 'Content-Length': '308', 'X-Dropbox-Response-Origin': 'far_remote', 'X-Dropbox-Request-Id': 'b1e9306c962e40cf8536ec7269418387'} 
 body=[
    {
            {
        "entryType": "Inproceedings",
        "key": "test",
        "author": "test",
        "year": "test",
        "title": "test",
        "booktitle": "test",
        "journal": null,
        "volume": null,
        "pages": null,
        "publisher": null
    }
]
 
 </msg>
<msg time="2025-12-16T18:06:34.194208" level="INFO">${response} = &lt;Response [200]&gt;</msg>
<var>${response}</var>
<arg>https://content.dropboxapi.com/2/files/download</arg>
<arg>headers=${headers}</arg>
<arg>headers=${headers}</arg>
<arg>expected_status=any</arg>
<doc>Sends a POST request.</doc>
<status status="PASS" start="2025-12-16T18:06:32.186850" elapsed="2.007410"/>
</kw>
<kw name="Run Keyword If" owner="BuiltIn">
<arg>${response.status_code} != 200</arg>
<arg>Fail</arg>
<arg>Dropbox Error: ${response.json()}</arg>
<doc>Runs the given keyword with the given arguments, if ``condition`` is true.</doc>
<status status="PASS" start="2025-12-16T18:06:34.194616" elapsed="0.001218"/>
</kw>
<kw name="Create Binary File" owner="OperatingSystem">
<msg time="2025-12-16T18:06:34.199012" level="INFO" html="true">Created binary file '&lt;a href="file://C:\ohjelmointi\projects\koulu\TEKA3003\TEKA3003-miniprojekti\src\downloaded_robot.json"&gt;C:\ohjelmointi\projects\koulu\TEKA3003\TEKA3003-miniprojekti\src\downloaded_robot.json&lt;/a&gt;'.</msg>
<arg>${local_path}</arg>
<arg>${response.content}</arg>
<doc>Creates a binary file with the given content.</doc>
<status status="PASS" start="2025-12-16T18:06:34.196210" elapsed="0.003015"/>
</kw>
<kw name="Get File" owner="OperatingSystem">
<msg time="2025-12-16T18:06:34.200011" level="INFO" html="true">Getting file '&lt;a href="file://C:\ohjelmointi\projects\koulu\TEKA3003\TEKA3003-miniprojekti\src\downloaded_robot.json"&gt;C:\ohjelmointi\projects\koulu\TEKA3003\TEKA3003-miniprojekti\src\downloaded_robot.json&lt;/a&gt;'.</msg>
<msg time="2025-12-16T18:06:34.203244" level="INFO">${content} = [
    {
            {
        "entryType": "Inproceedings",
        "key": "test",
        "author": "test",
        "year": "test",
        "title": "test",
        "booktitle": "test",
        "jour...</msg>
<var>${content}</var>
<arg>${LOCAL_DOWNLOAD_PATH}</arg>
<doc>Returns the contents of a specified file.</doc>
<status status="PASS" start="2025-12-16T18:06:34.199595" elapsed="0.003741"/>
</kw>
<kw name="Should Contain" owner="BuiltIn">
<arg>${content}</arg>
<arg>{</arg>
<doc>Fails if ``container`` does not contain ``item`` one or more times.</doc>
<status status="PASS" start="2025-12-16T18:06:34.203669" elapsed="0.000312"/>
</kw>
<kw name="Should Contain" owner="BuiltIn">
<arg>${content}</arg>
<arg>"entryType": "Inproceedings",</arg>
<doc>Fails if ``container`` does not contain ``item`` one or more times.</doc>
<status status="PASS" start="2025-12-16T18:06:34.204169" elapsed="0.000202"/>
</kw>
<kw name="Should Contain" owner="BuiltIn">
<arg>${content}</arg>
<arg>"author": "test",</arg>
<doc>Fails if ``container`` does not contain ``item`` one or more times.</doc>
<status status="PASS" start="2025-12-16T18:06:34.204525" elapsed="0.000188"/>
</kw>
<kw name="Should Contain" owner="BuiltIn">
<arg>${content}</arg>
<arg>"title": "test",</arg>
<doc>Fails if ``container`` does not contain ``item`` one or more times.</doc>
<status status="PASS" start="2025-12-16T18:06:34.204860" elapsed="0.000181"/>
</kw>
<kw name="Should Contain" owner="BuiltIn">
<arg>${content}</arg>
<arg>"year": "test",</arg>
<doc>Fails if ``container`` does not contain ``item`` one or more times.</doc>
<status status="PASS" start="2025-12-16T18:06:34.205184" elapsed="0.000179"/>
</kw>
<kw name="Should Contain" owner="BuiltIn">
<arg>${content}</arg>
<arg>"booktitle": "test",</arg>
<doc>Fails if ``container`` does not contain ``item`` one or more times.</doc>
<status status="PASS" start="2025-12-16T18:06:34.205511" elapsed="0.000230"/>
</kw>
<kw name="Should Contain" owner="BuiltIn">
<arg>${content}</arg>
<arg>}</arg>
<doc>Fails if ``container`` does not contain ``item`` one or more times.</doc>
<status status="PASS" start="2025-12-16T18:06:34.205926" elapsed="0.000278"/>
</kw>
<arg>${access_token}</arg>
<arg>${DROPBOX_FILE_PATH}</arg>
<arg>${LOCAL_DOWNLOAD_PATH}</arg>
<doc>Downloads file using the Dropbox API "content" endpoint</doc>
<status status="PASS" start="2025-12-16T18:06:32.185392" elapsed="2.020972"/>
</kw>
<kw name="File Should Exist" owner="OperatingSystem">
<msg time="2025-12-16T18:06:34.208087" level="INFO" html="true">File '&lt;a href="file://C:\ohjelmointi\projects\koulu\TEKA3003\TEKA3003-miniprojekti\src\downloaded_robot.json"&gt;C:\ohjelmointi\projects\koulu\TEKA3003\TEKA3003-miniprojekti\src\downloaded_robot.json&lt;/a&gt;' exists.</msg>
<arg>${LOCAL_DOWNLOAD_PATH}</arg>
<doc>Fails unless the given ``path`` points to an existing file.</doc>
<status status="PASS" start="2025-12-16T18:06:34.207281" elapsed="0.001079"/>
</kw>
<doc>Tests downloading a file from Dropbox using OAuth2 token refresh flow</doc>
<status status="PASS" start="2025-12-16T18:06:30.937645" elapsed="3.271617"/>
</test>
<status status="PASS" start="2025-12-16T18:06:27.314483" elapsed="6.896717"/>
</suite>
<statistics>
<total>
<stat pass="1" fail="0" skip="0">All Tests</stat>
</total>
<tag>
</tag>
<suite>
<stat name="dropBox" id="s1" pass="1" fail="0" skip="0">dropBox</stat>
</suite>
</statistics>
<errors>
</errors>
</robot>
